48.029  100.0  100.0  5EXP_A_c_n_5EXP_A.flib_10000_1000_t2.5_Seg138_linear_griffin.stats.ox.ac.uk_000013594
47.514  100.0  100.0  5EXP_A_c_n_5EXP_A.flib_10000_1000_t2.5_Seg138_linear_griffin.stats.ox.ac.uk_000970427
47.673  100.0  100.0  5EXP_A_c_n_5EXP_A.flib_10000_1000_t2.5_Seg138_linear_griffin.stats.ox.ac.uk_002058074
48.620  100.0  100.0  5EXP_A_c_n_5EXP_A.flib_10000_1000_t2.5_Seg138_linear_griffin.stats.ox.ac.uk_003191526
47.548  100.0  100.0  5EXP_A_c_n_5EXP_A.flib_10000_1000_t2.5_Seg138_linear_griffin.stats.ox.ac.uk_010910423
47.211  100.0  100.0  5EXP_A_c_n_5EXP_A.flib_10000_1000_t2.5_Seg138_linear_griffin.stats.ox.ac.uk_012682409
47.325  100.0  100.0  5EXP_A_c_n_5EXP_A.flib_10000_1000_t2.5_Seg138_linear_griffin.stats.ox.ac.uk_012988692
47.255  100.0  100.0  5EXP_A_c_n_5EXP_A.flib_10000_1000_t2.5_Seg138_linear_griffin.stats.ox.ac.uk_014020789
47.129  100.0  100.0  5EXP_A_c_n_5EXP_A.flib_10000_1000_t2.5_Seg138_linear_griffin.stats.ox.ac.uk_015726433
47.496  100.0  100.0  5EXP_A_c_n_5EXP_A.flib_10000_1000_t2.5_Seg138_linear_griffin.stats.ox.ac.uk_020527836
47.356  100.0  100.0  5EXP_A_c_n_5EXP_A.flib_10000_1000_t2.5_Seg138_linear_griffin.stats.ox.ac.uk_020632716
47.968  100.0  100.0  5EXP_A_c_n_5EXP_A.flib_10000_1000_t2.5_Seg138_linear_griffin.stats.ox.ac.uk_020929196
48.074  100.0  100.0  5EXP_A_c_n_5EXP_A.flib_10000_1000_t2.5_Seg138_linear_griffin.stats.ox.ac.uk_022193662
46.831  100.0  100.0  5EXP_A_c_n_5EXP_A.flib_10000_1000_t2.5_Seg138_linear_griffin.stats.ox.ac.uk_023979593
47.535  100.0  100.0  5EXP_A_c_n_5EXP_A.flib_10000_1000_t2.5_Seg138_linear_griffin.stats.ox.ac.uk_031220357
47.986  100.0  100.0  5EXP_A_c_n_5EXP_A.flib_10000_1000_t2.5_Seg138_linear_griffin.stats.ox.ac.uk_031518339
48.035  100.0  100.0  5EXP_A_c_n_5EXP_A.flib_10000_1000_t2.5_Seg138_linear_griffin.stats.ox.ac.uk_031938286
48.051  100.0  100.0  5EXP_A_c_n_5EXP_A.flib_10000_1000_t2.5_Seg138_linear_griffin.stats.ox.ac.uk_032011744
47.609  100.0  100.0  5EXP_A_c_n_5EXP_A.flib_10000_1000_t2.5_Seg138_linear_griffin.stats.ox.ac.uk_032341870
48.556  100.0  100.0  5EXP_A_c_n_5EXP_A.flib_10000_1000_t2.5_Seg138_linear_griffin.stats.ox.ac.uk_03415721
48.647  100.0  100.0  5EXP_A_c_n_5EXP_A.flib_10000_1000_t2.5_Seg138_linear_griffin.stats.ox.ac.uk_041255722
48.358  100.0  100.0  5EXP_A_c_n_5EXP_A.flib_10000_1000_t2.5_Seg138_linear_griffin.stats.ox.ac.uk_041534629
48.265  100.0  100.0  5EXP_A_c_n_5EXP_A.flib_10000_1000_t2.5_Seg138_linear_griffin.stats.ox.ac.uk_045453792
48.283  100.0  100.0  5EXP_A_c_n_5EXP_A.flib_10000_1000_t2.5_Seg138_linear_griffin.stats.ox.ac.uk_045543837
48.261  100.0  100.0  5EXP_A_c_n_5EXP_A.flib_10000_1000_t2.5_Seg138_linear_griffin.stats.ox.ac.uk_045868959
47.233  100.0  100.0  5EXP_A_c_n_5EXP_A.flib_10000_1000_t2.5_Seg138_linear_griffin.stats.ox.ac.uk_054117956
48.328  100.0  100.0  5EXP_A_c_n_5EXP_A.flib_10000_1000_t2.5_Seg138_linear_griffin.stats.ox.ac.uk_054521471
47.933  100.0  100.0  5EXP_A_c_n_5EXP_A.flib_10000_1000_t2.5_Seg138_linear_griffin.stats.ox.ac.uk_060581724
46.935  100.0  100.0  5EXP_A_c_n_5EXP_A.flib_10000_1000_t2.5_Seg138_linear_griffin.stats.ox.ac.uk_060644927
47.155  100.0  100.0  5EXP_A_c_n_5EXP_A.flib_10000_1000_t2.5_Seg138_linear_griffin.stats.ox.ac.uk_060998252
48.242   98.8   98.8  5EXP_A_c_n_5EXP_A.flib_10000_1000_t2.5_Seg138_linear_griffin.stats.ox.ac.uk_064848851
48.385  100.0  100.0  5EXP_A_c_n_5EXP_A.flib_10000_1000_t2.5_Seg138_linear_griffin.stats.ox.ac.uk_065039041
47.322  100.0  100.0  5EXP_A_c_n_5EXP_A.flib_10000_1000_t2.5_Seg138_linear_griffin.stats.ox.ac.uk_065993659
47.718  100.0  100.0  5EXP_A_c_n_5EXP_A.flib_10000_1000_t2.5_Seg138_linear_griffin.stats.ox.ac.uk_070254735
47.350  100.0  100.0  5EXP_A_c_n_5EXP_A.flib_10000_1000_t2.5_Seg138_linear_griffin.stats.ox.ac.uk_071218917
47.575  100.0  100.0  5EXP_A_c_n_5EXP_A.flib_10000_1000_t2.5_Seg138_linear_griffin.stats.ox.ac.uk_073834166
46.732  100.0  100.0  5EXP_A_c_n_5EXP_A.flib_10000_1000_t2.5_Seg138_linear_griffin.stats.ox.ac.uk_08038626
47.766  100.0  100.0  5EXP_A_c_n_5EXP_A.flib_10000_1000_t2.5_Seg138_linear_griffin.stats.ox.ac.uk_083143645
47.969  100.0  100.0  5EXP_A_c_n_5EXP_A.flib_10000_1000_t2.5_Seg138_linear_griffin.stats.ox.ac.uk_084549907
43.551  100.0  100.0  5EXP_A_c_n_5EXP_A.flib_10000_1000_t2.5_Seg138_linear_griffin.stats.ox.ac.uk_085419837
48.318  100.0  100.0  5EXP_A_c_n_5EXP_A.flib_10000_1000_t2.5_Seg138_linear_griffin.stats.ox.ac.uk_090251397
48.306  100.0  100.0  5EXP_A_c_n_5EXP_A.flib_10000_1000_t2.5_Seg138_linear_griffin.stats.ox.ac.uk_090256327
47.404  100.0  100.0  5EXP_A_c_n_5EXP_A.flib_10000_1000_t2.5_Seg138_linear_griffin.stats.ox.ac.uk_094332793
43.015   94.0   94.0  5EXP_A_c_n_5EXP_A.flib_10000_1000_t2.5_Seg138_linear_griffin.stats.ox.ac.uk_100564694
48.129  100.0  100.0  5EXP_A_c_n_5EXP_A.flib_10000_1000_t2.5_Seg138_linear_griffin.stats.ox.ac.uk_102261749
46.975  100.0  100.0  5EXP_A_c_n_5EXP_A.flib_10000_1000_t2.5_Seg138_linear_griffin.stats.ox.ac.uk_102647526
47.870  100.0  100.0  5EXP_A_c_n_5EXP_A.flib_10000_1000_t2.5_Seg138_linear_griffin.stats.ox.ac.uk_103131937
47.771  100.0  100.0  5EXP_A_c_n_5EXP_A.flib_10000_1000_t2.5_Seg138_linear_griffin.stats.ox.ac.uk_105178201
47.895  100.0  100.0  5EXP_A_c_n_5EXP_A.flib_10000_1000_t2.5_Seg138_linear_griffin.stats.ox.ac.uk_112554571
47.645  100.0  100.0  5EXP_A_c_n_5EXP_A.flib_10000_1000_t2.5_Seg138_linear_griffin.stats.ox.ac.uk_113118060
46.917  100.0  100.0  5EXP_A_c_n_5EXP_A.flib_10000_1000_t2.5_Seg138_linear_griffin.stats.ox.ac.uk_113766692
46.696  100.0  100.0  5EXP_A_c_n_5EXP_A.flib_10000_1000_t2.5_Seg138_linear_griffin.stats.ox.ac.uk_113858096
47.535  100.0  100.0  5EXP_A_c_n_5EXP_A.flib_10000_1000_t2.5_Seg138_linear_griffin.stats.ox.ac.uk_121392159
48.566  100.0  100.0  5EXP_A_c_n_5EXP_A.flib_10000_1000_t2.5_Seg138_linear_griffin.stats.ox.ac.uk_123043765
47.530  100.0  100.0  5EXP_A_c_n_5EXP_A.flib_10000_1000_t2.5_Seg138_linear_griffin.stats.ox.ac.uk_124848417
45.914  100.0  100.0  5EXP_A_c_n_5EXP_A.flib_10000_1000_t2.5_Seg138_linear_griffin.stats.ox.ac.uk_125925364
48.127  100.0  100.0  5EXP_A_c_n_5EXP_A.flib_10000_1000_t2.5_Seg138_linear_griffin.stats.ox.ac.uk_125946174
46.878  100.0  100.0  5EXP_A_c_n_5EXP_A.flib_10000_1000_t2.5_Seg138_linear_griffin.stats.ox.ac.uk_13057482
47.988  100.0  100.0  5EXP_A_c_n_5EXP_A.flib_10000_1000_t2.5_Seg138_linear_griffin.stats.ox.ac.uk_130667624
47.355  100.0  100.0  5EXP_A_c_n_5EXP_A.flib_10000_1000_t2.5_Seg138_linear_griffin.stats.ox.ac.uk_135442043
46.622  100.0  100.0  5EXP_A_c_n_5EXP_A.flib_10000_1000_t2.5_Seg138_linear_griffin.stats.ox.ac.uk_135720265
44.976  100.0  100.0  5EXP_A_c_n_5EXP_A.flib_10000_1000_t2.5_Seg138_linear_griffin.stats.ox.ac.uk_135962993
48.228  100.0  100.0  5EXP_A_c_n_5EXP_A.flib_10000_1000_t2.5_Seg138_linear_griffin.stats.ox.ac.uk_140671103
47.322  100.0  100.0  5EXP_A_c_n_5EXP_A.flib_10000_1000_t2.5_Seg138_linear_griffin.stats.ox.ac.uk_14277755
47.591  100.0  100.0  5EXP_A_c_n_5EXP_A.flib_10000_1000_t2.5_Seg138_linear_griffin.stats.ox.ac.uk_143057394
48.142  100.0  100.0  5EXP_A_c_n_5EXP_A.flib_10000_1000_t2.5_Seg138_linear_griffin.stats.ox.ac.uk_144880628
47.154  100.0  100.0  5EXP_A_c_n_5EXP_A.flib_10000_1000_t2.5_Seg138_linear_griffin.stats.ox.ac.uk_145431781
48.219  100.0  100.0  5EXP_A_c_n_5EXP_A.flib_10000_1000_t2.5_Seg138_linear_griffin.stats.ox.ac.uk_150750368
48.598  100.0  100.0  5EXP_A_c_n_5EXP_A.flib_10000_1000_t2.5_Seg138_linear_griffin.stats.ox.ac.uk_154172912
46.187  100.0  100.0  5EXP_A_c_n_5EXP_A.flib_10000_1000_t2.5_Seg138_linear_griffin.stats.ox.ac.uk_155073768
48.471  100.0  100.0  5EXP_A_c_n_5EXP_A.flib_10000_1000_t2.5_Seg138_linear_griffin.stats.ox.ac.uk_155942491
48.460  100.0  100.0  5EXP_A_c_n_5EXP_A.flib_10000_1000_t2.5_Seg138_linear_griffin.stats.ox.ac.uk_160978431
47.650  100.0  100.0  5EXP_A_c_n_5EXP_A.flib_10000_1000_t2.5_Seg138_linear_griffin.stats.ox.ac.uk_163987266
46.757  100.0  100.0  5EXP_A_c_n_5EXP_A.flib_10000_1000_t2.5_Seg138_linear_griffin.stats.ox.ac.uk_164379372
46.708  100.0  100.0  5EXP_A_c_n_5EXP_A.flib_10000_1000_t2.5_Seg138_linear_griffin.stats.ox.ac.uk_170983407
47.315  100.0  100.0  5EXP_A_c_n_5EXP_A.flib_10000_1000_t2.5_Seg138_linear_griffin.stats.ox.ac.uk_171770004
48.042  100.0  100.0  5EXP_A_c_n_5EXP_A.flib_10000_1000_t2.5_Seg138_linear_griffin.stats.ox.ac.uk_172554168
47.580  100.0  100.0  5EXP_A_c_n_5EXP_A.flib_10000_1000_t2.5_Seg138_linear_griffin.stats.ox.ac.uk_17413581
47.954  100.0  100.0  5EXP_A_c_n_5EXP_A.flib_10000_1000_t2.5_Seg138_linear_griffin.stats.ox.ac.uk_183918427
48.541  100.0  100.0  5EXP_A_c_n_5EXP_A.flib_10000_1000_t2.5_Seg138_linear_griffin.stats.ox.ac.uk_185379961
48.653  100.0  100.0  5EXP_A_c_n_5EXP_A.flib_10000_1000_t2.5_Seg138_linear_griffin.stats.ox.ac.uk_190589313
48.253  100.0  100.0  5EXP_A_c_n_5EXP_A.flib_10000_1000_t2.5_Seg138_linear_griffin.stats.ox.ac.uk_191060045
48.435  100.0  100.0  5EXP_A_c_n_5EXP_A.flib_10000_1000_t2.5_Seg138_linear_griffin.stats.ox.ac.uk_193848334
48.041  100.0  100.0  5EXP_A_c_n_5EXP_A.flib_10000_1000_t2.5_Seg138_linear_griffin.stats.ox.ac.uk_194566394
46.573  100.0  100.0  5EXP_A_c_n_5EXP_A.flib_10000_1000_t2.5_Seg138_linear_griffin.stats.ox.ac.uk_195831191
47.771  100.0  100.0  5EXP_A_c_n_5EXP_A.flib_10000_1000_t2.5_Seg138_linear_griffin.stats.ox.ac.uk_201978643
46.354  100.0  100.0  5EXP_A_c_n_5EXP_A.flib_10000_1000_t2.5_Seg138_linear_griffin.stats.ox.ac.uk_201989802
47.744  100.0  100.0  5EXP_A_c_n_5EXP_A.flib_10000_1000_t2.5_Seg138_linear_griffin.stats.ox.ac.uk_204585183
47.544  100.0  100.0  5EXP_A_c_n_5EXP_A.flib_10000_1000_t2.5_Seg138_linear_griffin.stats.ox.ac.uk_204742913
47.671  100.0  100.0  5EXP_A_c_n_5EXP_A.flib_10000_1000_t2.5_Seg138_linear_griffin.stats.ox.ac.uk_210465533
48.610  100.0  100.0  5EXP_A_c_n_5EXP_A.flib_10000_1000_t2.5_Seg138_linear_griffin.stats.ox.ac.uk_210492866
47.259  100.0  100.0  5EXP_A_c_n_5EXP_A.flib_10000_1000_t2.5_Seg138_linear_griffin.stats.ox.ac.uk_210846953
44.859   98.2   98.2  5EXP_A_c_n_5EXP_A.flib_10000_1000_t2.5_Seg138_linear_griffin.stats.ox.ac.uk_212180507
47.540  100.0  100.0  5EXP_A_c_n_5EXP_A.flib_10000_1000_t2.5_Seg138_linear_griffin.stats.ox.ac.uk_213354033
48.183  100.0  100.0  5EXP_A_c_n_5EXP_A.flib_10000_1000_t2.5_Seg138_linear_griffin.stats.ox.ac.uk_2232880
46.572  100.0  100.0  5EXP_A_c_n_5EXP_A.flib_10000_1000_t2.5_Seg138_linear_griffin.stats.ox.ac.uk_223696018
46.597  100.0  100.0  5EXP_A_c_n_5EXP_A.flib_10000_1000_t2.5_Seg138_linear_griffin.stats.ox.ac.uk_224544642
48.117  100.0  100.0  5EXP_A_c_n_5EXP_A.flib_10000_1000_t2.5_Seg138_linear_griffin.stats.ox.ac.uk_224664871
46.303  100.0  100.0  5EXP_A_c_n_5EXP_A.flib_10000_1000_t2.5_Seg138_linear_griffin.stats.ox.ac.uk_224677967
48.419  100.0  100.0  5EXP_A_c_n_5EXP_A.flib_10000_1000_t2.5_Seg138_linear_griffin.stats.ox.ac.uk_23253252
45.424   98.8   98.8  5EXP_A_c_n_5EXP_A.flib_10000_1000_t2.5_Seg138_linear_griffin.stats.ox.ac.uk_234514170
47.778  100.0  100.0  5EXP_A_c_n_5EXP_A.flib_10000_1000_t2.5_Seg138_linear_griffin.stats.ox.ac.uk_240679307
48.090  100.0  100.0  5EXP_A_c_n_5EXP_A.flib_10000_1000_t2.5_Seg138_linear_griffin.stats.ox.ac.uk_24098693
48.352  100.0  100.0  5EXP_A_c_n_5EXP_A.flib_10000_1000_t2.5_Seg138_linear_griffin.stats.ox.ac.uk_241276585
47.389  100.0  100.0  5EXP_A_c_n_5EXP_A.flib_10000_1000_t2.5_Seg138_linear_griffin.stats.ox.ac.uk_241992740
46.705  100.0  100.0  5EXP_A_c_n_5EXP_A.flib_10000_1000_t2.5_Seg138_linear_griffin.stats.ox.ac.uk_24238747
47.851  100.0  100.0  5EXP_A_c_n_5EXP_A.flib_10000_1000_t2.5_Seg138_linear_griffin.stats.ox.ac.uk_242827622
47.193  100.0  100.0  5EXP_A_c_n_5EXP_A.flib_10000_1000_t2.5_Seg138_linear_griffin.stats.ox.ac.uk_244934235
47.274  100.0  100.0  5EXP_A_c_n_5EXP_A.flib_10000_1000_t2.5_Seg138_linear_griffin.stats.ox.ac.uk_253841346
47.131  100.0  100.0  5EXP_A_c_n_5EXP_A.flib_10000_1000_t2.5_Seg138_linear_griffin.stats.ox.ac.uk_25554254
47.410  100.0  100.0  5EXP_A_c_n_5EXP_A.flib_10000_1000_t2.5_Seg138_linear_griffin.stats.ox.ac.uk_260710033
48.119  100.0  100.0  5EXP_A_c_n_5EXP_A.flib_10000_1000_t2.5_Seg138_linear_griffin.stats.ox.ac.uk_262715662
47.409  100.0  100.0  5EXP_A_c_n_5EXP_A.flib_10000_1000_t2.5_Seg138_linear_griffin.stats.ox.ac.uk_263871837
47.264  100.0  100.0  5EXP_A_c_n_5EXP_A.flib_10000_1000_t2.5_Seg138_linear_griffin.stats.ox.ac.uk_264453794
47.153  100.0  100.0  5EXP_A_c_n_5EXP_A.flib_10000_1000_t2.5_Seg138_linear_griffin.stats.ox.ac.uk_270188931
48.011  100.0  100.0  5EXP_A_c_n_5EXP_A.flib_10000_1000_t2.5_Seg138_linear_griffin.stats.ox.ac.uk_273565550
48.429  100.0  100.0  5EXP_A_c_n_5EXP_A.flib_10000_1000_t2.5_Seg138_linear_griffin.stats.ox.ac.uk_274116000
47.201  100.0  100.0  5EXP_A_c_n_5EXP_A.flib_10000_1000_t2.5_Seg138_linear_griffin.stats.ox.ac.uk_274288380
47.036  100.0  100.0  5EXP_A_c_n_5EXP_A.flib_10000_1000_t2.5_Seg138_linear_griffin.stats.ox.ac.uk_274411061
47.813  100.0  100.0  5EXP_A_c_n_5EXP_A.flib_10000_1000_t2.5_Seg138_linear_griffin.stats.ox.ac.uk_28116373
45.958  100.0  100.0  5EXP_A_c_n_5EXP_A.flib_10000_1000_t2.5_Seg138_linear_griffin.stats.ox.ac.uk_282286460
47.617  100.0  100.0  5EXP_A_c_n_5EXP_A.flib_10000_1000_t2.5_Seg138_linear_griffin.stats.ox.ac.uk_282318968
47.003  100.0  100.0  5EXP_A_c_n_5EXP_A.flib_10000_1000_t2.5_Seg138_linear_griffin.stats.ox.ac.uk_282376572
46.920  100.0  100.0  5EXP_A_c_n_5EXP_A.flib_10000_1000_t2.5_Seg138_linear_griffin.stats.ox.ac.uk_290122509
46.644   99.4   99.4  5EXP_A_c_n_5EXP_A.flib_10000_1000_t2.5_Seg138_linear_griffin.stats.ox.ac.uk_291324744
47.294  100.0  100.0  5EXP_A_c_n_5EXP_A.flib_10000_1000_t2.5_Seg138_linear_griffin.stats.ox.ac.uk_29292274
47.688  100.0  100.0  5EXP_A_c_n_5EXP_A.flib_10000_1000_t2.5_Seg138_linear_griffin.stats.ox.ac.uk_294087337
47.315   99.4   99.4  5EXP_A_c_n_5EXP_A.flib_10000_1000_t2.5_Seg138_linear_griffin.stats.ox.ac.uk_295012210
47.913  100.0  100.0  5EXP_A_c_n_5EXP_A.flib_10000_1000_t2.5_Seg138_linear_griffin.stats.ox.ac.uk_302036770
47.879  100.0  100.0  5EXP_A_c_n_5EXP_A.flib_10000_1000_t2.5_Seg138_linear_griffin.stats.ox.ac.uk_303926987
47.709  100.0  100.0  5EXP_A_c_n_5EXP_A.flib_10000_1000_t2.5_Seg138_linear_griffin.stats.ox.ac.uk_310931350
46.802  100.0  100.0  5EXP_A_c_n_5EXP_A.flib_10000_1000_t2.5_Seg138_linear_griffin.stats.ox.ac.uk_312250597
48.593  100.0  100.0  5EXP_A_c_n_5EXP_A.flib_10000_1000_t2.5_Seg138_linear_griffin.stats.ox.ac.uk_312377373
47.115  100.0  100.0  5EXP_A_c_n_5EXP_A.flib_10000_1000_t2.5_Seg138_linear_griffin.stats.ox.ac.uk_312519448
47.921  100.0  100.0  5EXP_A_c_n_5EXP_A.flib_10000_1000_t2.5_Seg138_linear_griffin.stats.ox.ac.uk_320376102
47.024  100.0  100.0  5EXP_A_c_n_5EXP_A.flib_10000_1000_t2.5_Seg138_linear_griffin.stats.ox.ac.uk_321863933
46.433  100.0  100.0  5EXP_A_c_n_5EXP_A.flib_10000_1000_t2.5_Seg138_linear_griffin.stats.ox.ac.uk_32346900
47.868  100.0  100.0  5EXP_A_c_n_5EXP_A.flib_10000_1000_t2.5_Seg138_linear_griffin.stats.ox.ac.uk_32366968
48.149  100.0  100.0  5EXP_A_c_n_5EXP_A.flib_10000_1000_t2.5_Seg138_linear_griffin.stats.ox.ac.uk_330527574
45.762  100.0  100.0  5EXP_A_c_n_5EXP_A.flib_10000_1000_t2.5_Seg138_linear_griffin.stats.ox.ac.uk_331176110
47.641  100.0  100.0  5EXP_A_c_n_5EXP_A.flib_10000_1000_t2.5_Seg138_linear_griffin.stats.ox.ac.uk_331194869
47.931  100.0  100.0  5EXP_A_c_n_5EXP_A.flib_10000_1000_t2.5_Seg138_linear_griffin.stats.ox.ac.uk_331937773
48.159  100.0  100.0  5EXP_A_c_n_5EXP_A.flib_10000_1000_t2.5_Seg138_linear_griffin.stats.ox.ac.uk_335834330
47.167  100.0  100.0  5EXP_A_c_n_5EXP_A.flib_10000_1000_t2.5_Seg138_linear_griffin.stats.ox.ac.uk_341816084
48.357  100.0  100.0  5EXP_A_c_n_5EXP_A.flib_10000_1000_t2.5_Seg138_linear_griffin.stats.ox.ac.uk_342888211
48.400  100.0  100.0  5EXP_A_c_n_5EXP_A.flib_10000_1000_t2.5_Seg138_linear_griffin.stats.ox.ac.uk_342915304
46.608  100.0  100.0  5EXP_A_c_n_5EXP_A.flib_10000_1000_t2.5_Seg138_linear_griffin.stats.ox.ac.uk_343733502
47.133  100.0  100.0  5EXP_A_c_n_5EXP_A.flib_10000_1000_t2.5_Seg138_linear_griffin.stats.ox.ac.uk_345630517
46.513  100.0  100.0  5EXP_A_c_n_5EXP_A.flib_10000_1000_t2.5_Seg138_linear_griffin.stats.ox.ac.uk_345738401
46.695   98.2   98.2  5EXP_A_c_n_5EXP_A.flib_10000_1000_t2.5_Seg138_linear_griffin.stats.ox.ac.uk_350265962
47.499  100.0  100.0  5EXP_A_c_n_5EXP_A.flib_10000_1000_t2.5_Seg138_linear_griffin.stats.ox.ac.uk_35161600
47.549  100.0  100.0  5EXP_A_c_n_5EXP_A.flib_10000_1000_t2.5_Seg138_linear_griffin.stats.ox.ac.uk_353137276
47.123  100.0  100.0  5EXP_A_c_n_5EXP_A.flib_10000_1000_t2.5_Seg138_linear_griffin.stats.ox.ac.uk_353340919
47.817  100.0  100.0  5EXP_A_c_n_5EXP_A.flib_10000_1000_t2.5_Seg138_linear_griffin.stats.ox.ac.uk_355345459
48.279  100.0  100.0  5EXP_A_c_n_5EXP_A.flib_10000_1000_t2.5_Seg138_linear_griffin.stats.ox.ac.uk_362512954
48.330  100.0  100.0  5EXP_A_c_n_5EXP_A.flib_10000_1000_t2.5_Seg138_linear_griffin.stats.ox.ac.uk_363648840
47.046  100.0  100.0  5EXP_A_c_n_5EXP_A.flib_10000_1000_t2.5_Seg138_linear_griffin.stats.ox.ac.uk_364826461
47.009  100.0  100.0  5EXP_A_c_n_5EXP_A.flib_10000_1000_t2.5_Seg138_linear_griffin.stats.ox.ac.uk_371960093
45.841  100.0  100.0  5EXP_A_c_n_5EXP_A.flib_10000_1000_t2.5_Seg138_linear_griffin.stats.ox.ac.uk_373850326
47.579  100.0  100.0  5EXP_A_c_n_5EXP_A.flib_10000_1000_t2.5_Seg138_linear_griffin.stats.ox.ac.uk_375122703
47.339  100.0  100.0  5EXP_A_c_n_5EXP_A.flib_10000_1000_t2.5_Seg138_linear_griffin.stats.ox.ac.uk_381173553
47.200  100.0  100.0  5EXP_A_c_n_5EXP_A.flib_10000_1000_t2.5_Seg138_linear_griffin.stats.ox.ac.uk_381554693
45.431  100.0  100.0  5EXP_A_c_n_5EXP_A.flib_10000_1000_t2.5_Seg138_linear_griffin.stats.ox.ac.uk_384742775
45.284  100.0  100.0  5EXP_A_c_n_5EXP_A.flib_10000_1000_t2.5_Seg138_linear_griffin.stats.ox.ac.uk_390286564
48.914  100.0  100.0  5EXP_A_c_n_5EXP_A.flib_10000_1000_t2.5_Seg138_linear_griffin.stats.ox.ac.uk_39053702
48.203  100.0  100.0  5EXP_A_c_n_5EXP_A.flib_10000_1000_t2.5_Seg138_linear_griffin.stats.ox.ac.uk_391030219
47.404  100.0  100.0  5EXP_A_c_n_5EXP_A.flib_10000_1000_t2.5_Seg138_linear_griffin.stats.ox.ac.uk_391973564
47.797  100.0  100.0  5EXP_A_c_n_5EXP_A.flib_10000_1000_t2.5_Seg138_linear_griffin.stats.ox.ac.uk_3953921
48.366  100.0  100.0  5EXP_A_c_n_5EXP_A.flib_10000_1000_t2.5_Seg138_linear_griffin.stats.ox.ac.uk_395421731
44.811  100.0  100.0  5EXP_A_c_n_5EXP_A.flib_10000_1000_t2.5_Seg138_linear_griffin.stats.ox.ac.uk_401351017
47.477  100.0  100.0  5EXP_A_c_n_5EXP_A.flib_10000_1000_t2.5_Seg138_linear_griffin.stats.ox.ac.uk_402461556
47.591  100.0  100.0  5EXP_A_c_n_5EXP_A.flib_10000_1000_t2.5_Seg138_linear_griffin.stats.ox.ac.uk_410438080
46.785  100.0  100.0  5EXP_A_c_n_5EXP_A.flib_10000_1000_t2.5_Seg138_linear_griffin.stats.ox.ac.uk_410514580
47.922  100.0  100.0  5EXP_A_c_n_5EXP_A.flib_10000_1000_t2.5_Seg138_linear_griffin.stats.ox.ac.uk_41106963
47.624  100.0  100.0  5EXP_A_c_n_5EXP_A.flib_10000_1000_t2.5_Seg138_linear_griffin.stats.ox.ac.uk_411938390
47.520  100.0  100.0  5EXP_A_c_n_5EXP_A.flib_10000_1000_t2.5_Seg138_linear_griffin.stats.ox.ac.uk_414153594
47.987  100.0  100.0  5EXP_A_c_n_5EXP_A.flib_10000_1000_t2.5_Seg138_linear_griffin.stats.ox.ac.uk_414257433
47.233  100.0  100.0  5EXP_A_c_n_5EXP_A.flib_10000_1000_t2.5_Seg138_linear_griffin.stats.ox.ac.uk_415125419
47.373  100.0  100.0  5EXP_A_c_n_5EXP_A.flib_10000_1000_t2.5_Seg138_linear_griffin.stats.ox.ac.uk_420362047
46.858  100.0  100.0  5EXP_A_c_n_5EXP_A.flib_10000_1000_t2.5_Seg138_linear_griffin.stats.ox.ac.uk_421632723
47.753  100.0  100.0  5EXP_A_c_n_5EXP_A.flib_10000_1000_t2.5_Seg138_linear_griffin.stats.ox.ac.uk_425868697
45.610   99.4   99.4  5EXP_A_c_n_5EXP_A.flib_10000_1000_t2.5_Seg138_linear_griffin.stats.ox.ac.uk_430664453
47.160  100.0  100.0  5EXP_A_c_n_5EXP_A.flib_10000_1000_t2.5_Seg138_linear_griffin.stats.ox.ac.uk_431635486
47.329  100.0  100.0  5EXP_A_c_n_5EXP_A.flib_10000_1000_t2.5_Seg138_linear_griffin.stats.ox.ac.uk_431970933
47.975  100.0  100.0  5EXP_A_c_n_5EXP_A.flib_10000_1000_t2.5_Seg138_linear_griffin.stats.ox.ac.uk_435882700
47.025  100.0  100.0  5EXP_A_c_n_5EXP_A.flib_10000_1000_t2.5_Seg138_linear_griffin.stats.ox.ac.uk_440066049
48.287  100.0  100.0  5EXP_A_c_n_5EXP_A.flib_10000_1000_t2.5_Seg138_linear_griffin.stats.ox.ac.uk_440349133
47.804  100.0  100.0  5EXP_A_c_n_5EXP_A.flib_10000_1000_t2.5_Seg138_linear_griffin.stats.ox.ac.uk_442562359
46.228  100.0  100.0  5EXP_A_c_n_5EXP_A.flib_10000_1000_t2.5_Seg138_linear_griffin.stats.ox.ac.uk_444372471
47.992  100.0  100.0  5EXP_A_c_n_5EXP_A.flib_10000_1000_t2.5_Seg138_linear_griffin.stats.ox.ac.uk_445796508
47.513  100.0  100.0  5EXP_A_c_n_5EXP_A.flib_10000_1000_t2.5_Seg138_linear_griffin.stats.ox.ac.uk_450794107
46.473  100.0  100.0  5EXP_A_c_n_5EXP_A.flib_10000_1000_t2.5_Seg138_linear_griffin.stats.ox.ac.uk_453476886
46.682  100.0  100.0  5EXP_A_c_n_5EXP_A.flib_10000_1000_t2.5_Seg138_linear_griffin.stats.ox.ac.uk_454828261
47.841  100.0  100.0  5EXP_A_c_n_5EXP_A.flib_10000_1000_t2.5_Seg138_linear_griffin.stats.ox.ac.uk_455162004
45.923  100.0  100.0  5EXP_A_c_n_5EXP_A.flib_10000_1000_t2.5_Seg138_linear_griffin.stats.ox.ac.uk_455268053
47.209  100.0  100.0  5EXP_A_c_n_5EXP_A.flib_10000_1000_t2.5_Seg138_linear_griffin.stats.ox.ac.uk_455712820
46.655  100.0  100.0  5EXP_A_c_n_5EXP_A.flib_10000_1000_t2.5_Seg138_linear_griffin.stats.ox.ac.uk_463325137
47.047  100.0  100.0  5EXP_A_c_n_5EXP_A.flib_10000_1000_t2.5_Seg138_linear_griffin.stats.ox.ac.uk_470756556
48.450  100.0  100.0  5EXP_A_c_n_5EXP_A.flib_10000_1000_t2.5_Seg138_linear_griffin.stats.ox.ac.uk_470845373
47.582  100.0  100.0  5EXP_A_c_n_5EXP_A.flib_10000_1000_t2.5_Seg138_linear_griffin.stats.ox.ac.uk_472472871
47.919  100.0  100.0  5EXP_A_c_n_5EXP_A.flib_10000_1000_t2.5_Seg138_linear_griffin.stats.ox.ac.uk_473783590
47.635  100.0  100.0  5EXP_A_c_n_5EXP_A.flib_10000_1000_t2.5_Seg138_linear_griffin.stats.ox.ac.uk_474661034
47.577  100.0  100.0  5EXP_A_c_n_5EXP_A.flib_10000_1000_t2.5_Seg138_linear_griffin.stats.ox.ac.uk_475337159
48.223  100.0  100.0  5EXP_A_c_n_5EXP_A.flib_10000_1000_t2.5_Seg138_linear_griffin.stats.ox.ac.uk_482679289
47.377  100.0  100.0  5EXP_A_c_n_5EXP_A.flib_10000_1000_t2.5_Seg138_linear_griffin.stats.ox.ac.uk_48283241
47.109  100.0  100.0  5EXP_A_c_n_5EXP_A.flib_10000_1000_t2.5_Seg138_linear_griffin.stats.ox.ac.uk_483076651
45.595  100.0  100.0  5EXP_A_c_n_5EXP_A.flib_10000_1000_t2.5_Seg138_linear_griffin.stats.ox.ac.uk_483561191
47.555  100.0  100.0  5EXP_A_c_n_5EXP_A.flib_10000_1000_t2.5_Seg138_linear_griffin.stats.ox.ac.uk_484848079
47.771  100.0  100.0  5EXP_A_c_n_5EXP_A.flib_10000_1000_t2.5_Seg138_linear_griffin.stats.ox.ac.uk_485986745
46.185  100.0  100.0  5EXP_A_c_n_5EXP_A.flib_10000_1000_t2.5_Seg138_linear_griffin.stats.ox.ac.uk_494691562
47.815  100.0  100.0  5EXP_A_c_n_5EXP_A.flib_10000_1000_t2.5_Seg138_linear_griffin.stats.ox.ac.uk_500586401
47.078  100.0  100.0  5EXP_A_c_n_5EXP_A.flib_10000_1000_t2.5_Seg138_linear_griffin.stats.ox.ac.uk_500957815
47.505  100.0  100.0  5EXP_A_c_n_5EXP_A.flib_10000_1000_t2.5_Seg138_linear_griffin.stats.ox.ac.uk_504193776
47.562  100.0  100.0  5EXP_A_c_n_5EXP_A.flib_10000_1000_t2.5_Seg138_linear_griffin.stats.ox.ac.uk_504434600
46.936  100.0  100.0  5EXP_A_c_n_5EXP_A.flib_10000_1000_t2.5_Seg138_linear_griffin.stats.ox.ac.uk_50589152
47.933  100.0  100.0  5EXP_A_c_n_5EXP_A.flib_10000_1000_t2.5_Seg138_linear_griffin.stats.ox.ac.uk_511771612
45.770  100.0  100.0  5EXP_A_c_n_5EXP_A.flib_10000_1000_t2.5_Seg138_linear_griffin.stats.ox.ac.uk_514523030
47.684  100.0  100.0  5EXP_A_c_n_5EXP_A.flib_10000_1000_t2.5_Seg138_linear_griffin.stats.ox.ac.uk_514794675
47.649  100.0  100.0  5EXP_A_c_n_5EXP_A.flib_10000_1000_t2.5_Seg138_linear_griffin.stats.ox.ac.uk_515163709
47.874  100.0  100.0  5EXP_A_c_n_5EXP_A.flib_10000_1000_t2.5_Seg138_linear_griffin.stats.ox.ac.uk_524451601
46.822  100.0  100.0  5EXP_A_c_n_5EXP_A.flib_10000_1000_t2.5_Seg138_linear_griffin.stats.ox.ac.uk_524885390
47.409  100.0  100.0  5EXP_A_c_n_5EXP_A.flib_10000_1000_t2.5_Seg138_linear_griffin.stats.ox.ac.uk_525235999
47.982  100.0  100.0  5EXP_A_c_n_5EXP_A.flib_10000_1000_t2.5_Seg138_linear_griffin.stats.ox.ac.uk_52531314
46.419  100.0  100.0  5EXP_A_c_n_5EXP_A.flib_10000_1000_t2.5_Seg138_linear_griffin.stats.ox.ac.uk_53133342
46.326  100.0  100.0  5EXP_A_c_n_5EXP_A.flib_10000_1000_t2.5_Seg138_linear_griffin.stats.ox.ac.uk_532647817
47.686  100.0  100.0  5EXP_A_c_n_5EXP_A.flib_10000_1000_t2.5_Seg138_linear_griffin.stats.ox.ac.uk_532890919
47.858  100.0  100.0  5EXP_A_c_n_5EXP_A.flib_10000_1000_t2.5_Seg138_linear_griffin.stats.ox.ac.uk_534068254
45.907  100.0  100.0  5EXP_A_c_n_5EXP_A.flib_10000_1000_t2.5_Seg138_linear_griffin.stats.ox.ac.uk_535486602
47.023  100.0  100.0  5EXP_A_c_n_5EXP_A.flib_10000_1000_t2.5_Seg138_linear_griffin.stats.ox.ac.uk_542394770
47.584  100.0  100.0  5EXP_A_c_n_5EXP_A.flib_10000_1000_t2.5_Seg138_linear_griffin.stats.ox.ac.uk_543584033
48.171  100.0  100.0  5EXP_A_c_n_5EXP_A.flib_10000_1000_t2.5_Seg138_linear_griffin.stats.ox.ac.uk_544022858
48.526  100.0  100.0  5EXP_A_c_n_5EXP_A.flib_10000_1000_t2.5_Seg138_linear_griffin.stats.ox.ac.uk_54459143
47.880  100.0  100.0  5EXP_A_c_n_5EXP_A.flib_10000_1000_t2.5_Seg138_linear_griffin.stats.ox.ac.uk_544660079
48.325  100.0  100.0  5EXP_A_c_n_5EXP_A.flib_10000_1000_t2.5_Seg138_linear_griffin.stats.ox.ac.uk_55232312
47.501  100.0  100.0  5EXP_A_c_n_5EXP_A.flib_10000_1000_t2.5_Seg138_linear_griffin.stats.ox.ac.uk_55254002
48.170  100.0  100.0  5EXP_A_c_n_5EXP_A.flib_10000_1000_t2.5_Seg138_linear_griffin.stats.ox.ac.uk_552670580
48.630  100.0  100.0  5EXP_A_c_n_5EXP_A.flib_10000_1000_t2.5_Seg138_linear_griffin.stats.ox.ac.uk_560015428
46.120  100.0  100.0  5EXP_A_c_n_5EXP_A.flib_10000_1000_t2.5_Seg138_linear_griffin.stats.ox.ac.uk_560083795
47.533  100.0  100.0  5EXP_A_c_n_5EXP_A.flib_10000_1000_t2.5_Seg138_linear_griffin.stats.ox.ac.uk_561483793
45.970  100.0  100.0  5EXP_A_c_n_5EXP_A.flib_10000_1000_t2.5_Seg138_linear_griffin.stats.ox.ac.uk_563018403
46.378  100.0  100.0  5EXP_A_c_n_5EXP_A.flib_10000_1000_t2.5_Seg138_linear_griffin.stats.ox.ac.uk_570080080
47.566  100.0  100.0  5EXP_A_c_n_5EXP_A.flib_10000_1000_t2.5_Seg138_linear_griffin.stats.ox.ac.uk_571511751
48.096  100.0  100.0  5EXP_A_c_n_5EXP_A.flib_10000_1000_t2.5_Seg138_linear_griffin.stats.ox.ac.uk_572820073
47.470  100.0  100.0  5EXP_A_c_n_5EXP_A.flib_10000_1000_t2.5_Seg138_linear_griffin.stats.ox.ac.uk_573132269
48.132  100.0  100.0  5EXP_A_c_n_5EXP_A.flib_10000_1000_t2.5_Seg138_linear_griffin.stats.ox.ac.uk_575128583
49.338  100.0  100.0  5EXP_A_c_n_5EXP_A.flib_10000_1000_t2.5_Seg138_linear_griffin.stats.ox.ac.uk_582145585
47.539  100.0  100.0  5EXP_A_c_n_5EXP_A.flib_10000_1000_t2.5_Seg138_linear_griffin.stats.ox.ac.uk_585294577
46.105  100.0  100.0  5EXP_A_c_n_5EXP_A.flib_10000_1000_t2.5_Seg138_linear_griffin.stats.ox.ac.uk_590321056
45.768  100.0  100.0  5EXP_A_c_n_5EXP_A.flib_10000_1000_t2.5_Seg138_linear_griffin.stats.ox.ac.uk_592274496
47.572  100.0  100.0  5EXP_A_c_n_5EXP_A.flib_10000_1000_t2.5_Seg138_linear_griffin.stats.ox.ac.uk_592858607
46.385  100.0  100.0  5EXP_A_c_n_5EXP_A.flib_10000_1000_t2.5_Seg138_linear_griffin.stats.ox.ac.uk_594725060
47.639  100.0  100.0  5EXP_A_c_n_5EXP_A.flib_10000_1000_t2.5_Seg138_linear_icarus.stats.ox.ac.uk_000528177
47.857  100.0  100.0  5EXP_A_c_n_5EXP_A.flib_10000_1000_t2.5_Seg138_linear_icarus.stats.ox.ac.uk_00196958
46.906  100.0  100.0  5EXP_A_c_n_5EXP_A.flib_10000_1000_t2.5_Seg138_linear_icarus.stats.ox.ac.uk_004041615
47.291  100.0  100.0  5EXP_A_c_n_5EXP_A.flib_10000_1000_t2.5_Seg138_linear_icarus.stats.ox.ac.uk_005544818
47.709  100.0  100.0  5EXP_A_c_n_5EXP_A.flib_10000_1000_t2.5_Seg138_linear_icarus.stats.ox.ac.uk_013842095
47.629  100.0  100.0  5EXP_A_c_n_5EXP_A.flib_10000_1000_t2.5_Seg138_linear_icarus.stats.ox.ac.uk_015024860
48.107  100.0  100.0  5EXP_A_c_n_5EXP_A.flib_10000_1000_t2.5_Seg138_linear_icarus.stats.ox.ac.uk_015424522
47.699  100.0  100.0  5EXP_A_c_n_5EXP_A.flib_10000_1000_t2.5_Seg138_linear_icarus.stats.ox.ac.uk_02212665
47.447  100.0  100.0  5EXP_A_c_n_5EXP_A.flib_10000_1000_t2.5_Seg138_linear_icarus.stats.ox.ac.uk_022230915
48.076  100.0  100.0  5EXP_A_c_n_5EXP_A.flib_10000_1000_t2.5_Seg138_linear_icarus.stats.ox.ac.uk_022341769
47.433  100.0  100.0  5EXP_A_c_n_5EXP_A.flib_10000_1000_t2.5_Seg138_linear_icarus.stats.ox.ac.uk_025040082
46.959  100.0  100.0  5EXP_A_c_n_5EXP_A.flib_10000_1000_t2.5_Seg138_linear_icarus.stats.ox.ac.uk_025717585
45.947  100.0  100.0  5EXP_A_c_n_5EXP_A.flib_10000_1000_t2.5_Seg138_linear_icarus.stats.ox.ac.uk_031228322
47.420  100.0  100.0  5EXP_A_c_n_5EXP_A.flib_10000_1000_t2.5_Seg138_linear_icarus.stats.ox.ac.uk_032843862
47.540  100.0  100.0  5EXP_A_c_n_5EXP_A.flib_10000_1000_t2.5_Seg138_linear_icarus.stats.ox.ac.uk_033840812
47.461  100.0  100.0  5EXP_A_c_n_5EXP_A.flib_10000_1000_t2.5_Seg138_linear_icarus.stats.ox.ac.uk_034033244
47.699  100.0  100.0  5EXP_A_c_n_5EXP_A.flib_10000_1000_t2.5_Seg138_linear_icarus.stats.ox.ac.uk_034819995
47.204  100.0  100.0  5EXP_A_c_n_5EXP_A.flib_10000_1000_t2.5_Seg138_linear_icarus.stats.ox.ac.uk_035327250
47.500  100.0  100.0  5EXP_A_c_n_5EXP_A.flib_10000_1000_t2.5_Seg138_linear_icarus.stats.ox.ac.uk_041036160
46.206  100.0  100.0  5EXP_A_c_n_5EXP_A.flib_10000_1000_t2.5_Seg138_linear_icarus.stats.ox.ac.uk_041944543
48.399  100.0  100.0  5EXP_A_c_n_5EXP_A.flib_10000_1000_t2.5_Seg138_linear_icarus.stats.ox.ac.uk_042331291
46.153  100.0  100.0  5EXP_A_c_n_5EXP_A.flib_10000_1000_t2.5_Seg138_linear_icarus.stats.ox.ac.uk_042422061
46.917  100.0  100.0  5EXP_A_c_n_5EXP_A.flib_10000_1000_t2.5_Seg138_linear_icarus.stats.ox.ac.uk_043131136
47.538  100.0  100.0  5EXP_A_c_n_5EXP_A.flib_10000_1000_t2.5_Seg138_linear_icarus.stats.ox.ac.uk_044919954
47.800  100.0  100.0  5EXP_A_c_n_5EXP_A.flib_10000_1000_t2.5_Seg138_linear_icarus.stats.ox.ac.uk_045112072
44.805  100.0  100.0  5EXP_A_c_n_5EXP_A.flib_10000_1000_t2.5_Seg138_linear_icarus.stats.ox.ac.uk_045130700
47.712  100.0  100.0  5EXP_A_c_n_5EXP_A.flib_10000_1000_t2.5_Seg138_linear_icarus.stats.ox.ac.uk_051044028
47.590  100.0  100.0  5EXP_A_c_n_5EXP_A.flib_10000_1000_t2.5_Seg138_linear_icarus.stats.ox.ac.uk_05151817
46.848  100.0  100.0  5EXP_A_c_n_5EXP_A.flib_10000_1000_t2.5_Seg138_linear_icarus.stats.ox.ac.uk_052510430
47.553  100.0  100.0  5EXP_A_c_n_5EXP_A.flib_10000_1000_t2.5_Seg138_linear_icarus.stats.ox.ac.uk_053918174
48.270  100.0  100.0  5EXP_A_c_n_5EXP_A.flib_10000_1000_t2.5_Seg138_linear_icarus.stats.ox.ac.uk_054126324
46.835  100.0  100.0  5EXP_A_c_n_5EXP_A.flib_10000_1000_t2.5_Seg138_linear_icarus.stats.ox.ac.uk_060428517
46.770  100.0  100.0  5EXP_A_c_n_5EXP_A.flib_10000_1000_t2.5_Seg138_linear_icarus.stats.ox.ac.uk_06193669
48.415  100.0  100.0  5EXP_A_c_n_5EXP_A.flib_10000_1000_t2.5_Seg138_linear_icarus.stats.ox.ac.uk_071732690
47.674  100.0  100.0  5EXP_A_c_n_5EXP_A.flib_10000_1000_t2.5_Seg138_linear_icarus.stats.ox.ac.uk_073241473
48.153  100.0  100.0  5EXP_A_c_n_5EXP_A.flib_10000_1000_t2.5_Seg138_linear_icarus.stats.ox.ac.uk_074319990
47.402  100.0  100.0  5EXP_A_c_n_5EXP_A.flib_10000_1000_t2.5_Seg138_linear_icarus.stats.ox.ac.uk_08057746
47.256  100.0  100.0  5EXP_A_c_n_5EXP_A.flib_10000_1000_t2.5_Seg138_linear_icarus.stats.ox.ac.uk_081916091
48.492  100.0  100.0  5EXP_A_c_n_5EXP_A.flib_10000_1000_t2.5_Seg138_linear_icarus.stats.ox.ac.uk_082123501
48.427  100.0  100.0  5EXP_A_c_n_5EXP_A.flib_10000_1000_t2.5_Seg138_linear_icarus.stats.ox.ac.uk_08277388
48.206  100.0  100.0  5EXP_A_c_n_5EXP_A.flib_10000_1000_t2.5_Seg138_linear_icarus.stats.ox.ac.uk_083324790
47.291  100.0  100.0  5EXP_A_c_n_5EXP_A.flib_10000_1000_t2.5_Seg138_linear_icarus.stats.ox.ac.uk_084144956
47.911  100.0  100.0  5EXP_A_c_n_5EXP_A.flib_10000_1000_t2.5_Seg138_linear_icarus.stats.ox.ac.uk_085423008
45.575  100.0  100.0  5EXP_A_c_n_5EXP_A.flib_10000_1000_t2.5_Seg138_linear_icarus.stats.ox.ac.uk_090312806
46.720  100.0  100.0  5EXP_A_c_n_5EXP_A.flib_10000_1000_t2.5_Seg138_linear_icarus.stats.ox.ac.uk_091614295
47.542  100.0  100.0  5EXP_A_c_n_5EXP_A.flib_10000_1000_t2.5_Seg138_linear_icarus.stats.ox.ac.uk_092137888
48.365  100.0  100.0  5EXP_A_c_n_5EXP_A.flib_10000_1000_t2.5_Seg138_linear_icarus.stats.ox.ac.uk_103821799
44.596  100.0  100.0  5EXP_A_c_n_5EXP_A.flib_10000_1000_t2.5_Seg138_linear_icarus.stats.ox.ac.uk_104040519
48.048  100.0  100.0  5EXP_A_c_n_5EXP_A.flib_10000_1000_t2.5_Seg138_linear_icarus.stats.ox.ac.uk_110225991
47.094  100.0  100.0  5EXP_A_c_n_5EXP_A.flib_10000_1000_t2.5_Seg138_linear_icarus.stats.ox.ac.uk_11061755
47.858  100.0  100.0  5EXP_A_c_n_5EXP_A.flib_10000_1000_t2.5_Seg138_linear_icarus.stats.ox.ac.uk_111332259
47.378  100.0  100.0  5EXP_A_c_n_5EXP_A.flib_10000_1000_t2.5_Seg138_linear_icarus.stats.ox.ac.uk_112114785
48.526  100.0  100.0  5EXP_A_c_n_5EXP_A.flib_10000_1000_t2.5_Seg138_linear_icarus.stats.ox.ac.uk_115735832
47.324  100.0  100.0  5EXP_A_c_n_5EXP_A.flib_10000_1000_t2.5_Seg138_linear_icarus.stats.ox.ac.uk_120926246
48.304  100.0  100.0  5EXP_A_c_n_5EXP_A.flib_10000_1000_t2.5_Seg138_linear_icarus.stats.ox.ac.uk_121121583
48.268  100.0  100.0  5EXP_A_c_n_5EXP_A.flib_10000_1000_t2.5_Seg138_linear_icarus.stats.ox.ac.uk_122320312
47.965  100.0  100.0  5EXP_A_c_n_5EXP_A.flib_10000_1000_t2.5_Seg138_linear_icarus.stats.ox.ac.uk_123641649
45.646  100.0  100.0  5EXP_A_c_n_5EXP_A.flib_10000_1000_t2.5_Seg138_linear_icarus.stats.ox.ac.uk_125228229
46.730  100.0  100.0  5EXP_A_c_n_5EXP_A.flib_10000_1000_t2.5_Seg138_linear_icarus.stats.ox.ac.uk_125525232
47.750  100.0  100.0  5EXP_A_c_n_5EXP_A.flib_10000_1000_t2.5_Seg138_linear_icarus.stats.ox.ac.uk_130115080
48.691  100.0  100.0  5EXP_A_c_n_5EXP_A.flib_10000_1000_t2.5_Seg138_linear_icarus.stats.ox.ac.uk_132033028
46.972  100.0  100.0  5EXP_A_c_n_5EXP_A.flib_10000_1000_t2.5_Seg138_linear_icarus.stats.ox.ac.uk_13224344
45.669   98.8   98.8  5EXP_A_c_n_5EXP_A.flib_10000_1000_t2.5_Seg138_linear_icarus.stats.ox.ac.uk_132311402
47.411  100.0  100.0  5EXP_A_c_n_5EXP_A.flib_10000_1000_t2.5_Seg138_linear_icarus.stats.ox.ac.uk_133636185
46.850  100.0  100.0  5EXP_A_c_n_5EXP_A.flib_10000_1000_t2.5_Seg138_linear_icarus.stats.ox.ac.uk_135538738
47.677  100.0  100.0  5EXP_A_c_n_5EXP_A.flib_10000_1000_t2.5_Seg138_linear_icarus.stats.ox.ac.uk_140915394
47.063  100.0  100.0  5EXP_A_c_n_5EXP_A.flib_10000_1000_t2.5_Seg138_linear_icarus.stats.ox.ac.uk_144026635
48.317   99.4   99.4  5EXP_A_c_n_5EXP_A.flib_10000_1000_t2.5_Seg138_linear_icarus.stats.ox.ac.uk_144219435
47.026  100.0  100.0  5EXP_A_c_n_5EXP_A.flib_10000_1000_t2.5_Seg138_linear_icarus.stats.ox.ac.uk_152732539
46.548  100.0  100.0  5EXP_A_c_n_5EXP_A.flib_10000_1000_t2.5_Seg138_linear_icarus.stats.ox.ac.uk_163014421
46.704  100.0  100.0  5EXP_A_c_n_5EXP_A.flib_10000_1000_t2.5_Seg138_linear_icarus.stats.ox.ac.uk_163714629
47.525  100.0  100.0  5EXP_A_c_n_5EXP_A.flib_10000_1000_t2.5_Seg138_linear_icarus.stats.ox.ac.uk_170122280
47.822  100.0  100.0  5EXP_A_c_n_5EXP_A.flib_10000_1000_t2.5_Seg138_linear_icarus.stats.ox.ac.uk_17013963
47.758  100.0  100.0  5EXP_A_c_n_5EXP_A.flib_10000_1000_t2.5_Seg138_linear_icarus.stats.ox.ac.uk_171312762
47.396  100.0  100.0  5EXP_A_c_n_5EXP_A.flib_10000_1000_t2.5_Seg138_linear_icarus.stats.ox.ac.uk_172217942
47.406  100.0  100.0  5EXP_A_c_n_5EXP_A.flib_10000_1000_t2.5_Seg138_linear_icarus.stats.ox.ac.uk_174032904
48.105  100.0  100.0  5EXP_A_c_n_5EXP_A.flib_10000_1000_t2.5_Seg138_linear_icarus.stats.ox.ac.uk_174723800
46.632  100.0  100.0  5EXP_A_c_n_5EXP_A.flib_10000_1000_t2.5_Seg138_linear_icarus.stats.ox.ac.uk_175239286
46.461  100.0  100.0  5EXP_A_c_n_5EXP_A.flib_10000_1000_t2.5_Seg138_linear_icarus.stats.ox.ac.uk_175742217
47.683  100.0  100.0  5EXP_A_c_n_5EXP_A.flib_10000_1000_t2.5_Seg138_linear_icarus.stats.ox.ac.uk_185524897
47.025  100.0  100.0  5EXP_A_c_n_5EXP_A.flib_10000_1000_t2.5_Seg138_linear_icarus.stats.ox.ac.uk_190434347
48.124  100.0  100.0  5EXP_A_c_n_5EXP_A.flib_10000_1000_t2.5_Seg138_linear_icarus.stats.ox.ac.uk_192322088
47.797  100.0  100.0  5EXP_A_c_n_5EXP_A.flib_10000_1000_t2.5_Seg138_linear_icarus.stats.ox.ac.uk_193937299
48.048  100.0  100.0  5EXP_A_c_n_5EXP_A.flib_10000_1000_t2.5_Seg138_linear_icarus.stats.ox.ac.uk_194211218
46.571  100.0  100.0  5EXP_A_c_n_5EXP_A.flib_10000_1000_t2.5_Seg138_linear_icarus.stats.ox.ac.uk_195824406
48.565  100.0  100.0  5EXP_A_c_n_5EXP_A.flib_10000_1000_t2.5_Seg138_linear_icarus.stats.ox.ac.uk_201312699
46.840  100.0  100.0  5EXP_A_c_n_5EXP_A.flib_10000_1000_t2.5_Seg138_linear_icarus.stats.ox.ac.uk_20155540
47.483  100.0  100.0  5EXP_A_c_n_5EXP_A.flib_10000_1000_t2.5_Seg138_linear_icarus.stats.ox.ac.uk_202931876
46.859  100.0  100.0  5EXP_A_c_n_5EXP_A.flib_10000_1000_t2.5_Seg138_linear_icarus.stats.ox.ac.uk_203936131
47.268  100.0  100.0  5EXP_A_c_n_5EXP_A.flib_10000_1000_t2.5_Seg138_linear_icarus.stats.ox.ac.uk_204819136
48.296  100.0  100.0  5EXP_A_c_n_5EXP_A.flib_10000_1000_t2.5_Seg138_linear_icarus.stats.ox.ac.uk_205437744
47.713  100.0  100.0  5EXP_A_c_n_5EXP_A.flib_10000_1000_t2.5_Seg138_linear_icarus.stats.ox.ac.uk_210513091
46.629  100.0  100.0  5EXP_A_c_n_5EXP_A.flib_10000_1000_t2.5_Seg138_linear_icarus.stats.ox.ac.uk_21104722
47.491  100.0  100.0  5EXP_A_c_n_5EXP_A.flib_10000_1000_t2.5_Seg138_linear_icarus.stats.ox.ac.uk_212519191
46.477   98.2   98.2  5EXP_A_c_n_5EXP_A.flib_10000_1000_t2.5_Seg138_linear_icarus.stats.ox.ac.uk_212718554
47.445  100.0  100.0  5EXP_A_c_n_5EXP_A.flib_10000_1000_t2.5_Seg138_linear_icarus.stats.ox.ac.uk_21427261
47.179  100.0  100.0  5EXP_A_c_n_5EXP_A.flib_10000_1000_t2.5_Seg138_linear_icarus.stats.ox.ac.uk_214324464
48.283  100.0  100.0  5EXP_A_c_n_5EXP_A.flib_10000_1000_t2.5_Seg138_linear_icarus.stats.ox.ac.uk_215727541
47.740  100.0  100.0  5EXP_A_c_n_5EXP_A.flib_10000_1000_t2.5_Seg138_linear_icarus.stats.ox.ac.uk_220341056
45.266   99.4   99.4  5EXP_A_c_n_5EXP_A.flib_10000_1000_t2.5_Seg138_linear_icarus.stats.ox.ac.uk_22112760
46.836  100.0  100.0  5EXP_A_c_n_5EXP_A.flib_10000_1000_t2.5_Seg138_linear_icarus.stats.ox.ac.uk_223930460
46.451   99.4   99.4  5EXP_A_c_n_5EXP_A.flib_10000_1000_t2.5_Seg138_linear_icarus.stats.ox.ac.uk_224112392
48.031  100.0  100.0  5EXP_A_c_n_5EXP_A.flib_10000_1000_t2.5_Seg138_linear_icarus.stats.ox.ac.uk_224315248
47.565  100.0  100.0  5EXP_A_c_n_5EXP_A.flib_10000_1000_t2.5_Seg138_linear_icarus.stats.ox.ac.uk_23239968
48.326  100.0  100.0  5EXP_A_c_n_5EXP_A.flib_10000_1000_t2.5_Seg138_linear_icarus.stats.ox.ac.uk_233029684
46.211  100.0  100.0  5EXP_A_c_n_5EXP_A.flib_10000_1000_t2.5_Seg138_linear_icarus.stats.ox.ac.uk_234531433
47.919  100.0  100.0  5EXP_A_c_n_5EXP_A.flib_10000_1000_t2.5_Seg138_linear_icarus.stats.ox.ac.uk_235534905
48.041  100.0  100.0  5EXP_A_c_n_5EXP_A.flib_10000_1000_t2.5_Seg138_linear_icarus.stats.ox.ac.uk_243639639
48.113  100.0  100.0  5EXP_A_c_n_5EXP_A.flib_10000_1000_t2.5_Seg138_linear_icarus.stats.ox.ac.uk_244938733
47.528  100.0  100.0  5EXP_A_c_n_5EXP_A.flib_10000_1000_t2.5_Seg138_linear_icarus.stats.ox.ac.uk_253819369
47.175  100.0  100.0  5EXP_A_c_n_5EXP_A.flib_10000_1000_t2.5_Seg138_linear_icarus.stats.ox.ac.uk_254044515
48.781  100.0  100.0  5EXP_A_c_n_5EXP_A.flib_10000_1000_t2.5_Seg138_linear_icarus.stats.ox.ac.uk_260430519
48.330  100.0  100.0  5EXP_A_c_n_5EXP_A.flib_10000_1000_t2.5_Seg138_linear_icarus.stats.ox.ac.uk_2610518
47.824  100.0  100.0  5EXP_A_c_n_5EXP_A.flib_10000_1000_t2.5_Seg138_linear_icarus.stats.ox.ac.uk_261338828
47.798  100.0  100.0  5EXP_A_c_n_5EXP_A.flib_10000_1000_t2.5_Seg138_linear_icarus.stats.ox.ac.uk_264620653
46.102  100.0  100.0  5EXP_A_c_n_5EXP_A.flib_10000_1000_t2.5_Seg138_linear_icarus.stats.ox.ac.uk_265531839
48.261  100.0  100.0  5EXP_A_c_n_5EXP_A.flib_10000_1000_t2.5_Seg138_linear_icarus.stats.ox.ac.uk_272627891
47.453  100.0  100.0  5EXP_A_c_n_5EXP_A.flib_10000_1000_t2.5_Seg138_linear_icarus.stats.ox.ac.uk_27471716
48.008  100.0  100.0  5EXP_A_c_n_5EXP_A.flib_10000_1000_t2.5_Seg138_linear_icarus.stats.ox.ac.uk_280417090
48.038  100.0  100.0  5EXP_A_c_n_5EXP_A.flib_10000_1000_t2.5_Seg138_linear_icarus.stats.ox.ac.uk_28086491
48.357  100.0  100.0  5EXP_A_c_n_5EXP_A.flib_10000_1000_t2.5_Seg138_linear_icarus.stats.ox.ac.uk_283417412
48.569  100.0  100.0  5EXP_A_c_n_5EXP_A.flib_10000_1000_t2.5_Seg138_linear_icarus.stats.ox.ac.uk_284426037
45.396   99.4   99.4  5EXP_A_c_n_5EXP_A.flib_10000_1000_t2.5_Seg138_linear_icarus.stats.ox.ac.uk_29005920
47.840  100.0  100.0  5EXP_A_c_n_5EXP_A.flib_10000_1000_t2.5_Seg138_linear_icarus.stats.ox.ac.uk_291933985
45.584  100.0  100.0  5EXP_A_c_n_5EXP_A.flib_10000_1000_t2.5_Seg138_linear_icarus.stats.ox.ac.uk_292312047
48.017  100.0  100.0  5EXP_A_c_n_5EXP_A.flib_10000_1000_t2.5_Seg138_linear_icarus.stats.ox.ac.uk_29506570
49.002  100.0  100.0  5EXP_A_c_n_5EXP_A.flib_10000_1000_t2.5_Seg138_linear_icarus.stats.ox.ac.uk_295211359
48.373  100.0  100.0  5EXP_A_c_n_5EXP_A.flib_10000_1000_t2.5_Seg138_linear_icarus.stats.ox.ac.uk_301010751
47.979  100.0  100.0  5EXP_A_c_n_5EXP_A.flib_10000_1000_t2.5_Seg138_linear_icarus.stats.ox.ac.uk_301744017
48.458  100.0  100.0  5EXP_A_c_n_5EXP_A.flib_10000_1000_t2.5_Seg138_linear_icarus.stats.ox.ac.uk_30182081
47.641  100.0  100.0  5EXP_A_c_n_5EXP_A.flib_10000_1000_t2.5_Seg138_linear_icarus.stats.ox.ac.uk_302520196
46.666  100.0  100.0  5EXP_A_c_n_5EXP_A.flib_10000_1000_t2.5_Seg138_linear_icarus.stats.ox.ac.uk_303532510
47.010  100.0  100.0  5EXP_A_c_n_5EXP_A.flib_10000_1000_t2.5_Seg138_linear_icarus.stats.ox.ac.uk_303637623
48.529  100.0  100.0  5EXP_A_c_n_5EXP_A.flib_10000_1000_t2.5_Seg138_linear_icarus.stats.ox.ac.uk_31058495
47.864  100.0  100.0  5EXP_A_c_n_5EXP_A.flib_10000_1000_t2.5_Seg138_linear_icarus.stats.ox.ac.uk_311921547
47.372  100.0  100.0  5EXP_A_c_n_5EXP_A.flib_10000_1000_t2.5_Seg138_linear_icarus.stats.ox.ac.uk_31312184
45.927  100.0  100.0  5EXP_A_c_n_5EXP_A.flib_10000_1000_t2.5_Seg138_linear_icarus.stats.ox.ac.uk_315530509
47.499  100.0  100.0  5EXP_A_c_n_5EXP_A.flib_10000_1000_t2.5_Seg138_linear_icarus.stats.ox.ac.uk_31591600
46.995  100.0  100.0  5EXP_A_c_n_5EXP_A.flib_10000_1000_t2.5_Seg138_linear_icarus.stats.ox.ac.uk_321431357
45.381  100.0  100.0  5EXP_A_c_n_5EXP_A.flib_10000_1000_t2.5_Seg138_linear_icarus.stats.ox.ac.uk_324237472
47.542  100.0  100.0  5EXP_A_c_n_5EXP_A.flib_10000_1000_t2.5_Seg138_linear_icarus.stats.ox.ac.uk_324911684
48.028  100.0  100.0  5EXP_A_c_n_5EXP_A.flib_10000_1000_t2.5_Seg138_linear_icarus.stats.ox.ac.uk_330737507
47.630  100.0  100.0  5EXP_A_c_n_5EXP_A.flib_10000_1000_t2.5_Seg138_linear_icarus.stats.ox.ac.uk_341740412
47.857  100.0  100.0  5EXP_A_c_n_5EXP_A.flib_10000_1000_t2.5_Seg138_linear_icarus.stats.ox.ac.uk_341816857
47.285  100.0  100.0  5EXP_A_c_n_5EXP_A.flib_10000_1000_t2.5_Seg138_linear_icarus.stats.ox.ac.uk_34235477
47.217  100.0  100.0  5EXP_A_c_n_5EXP_A.flib_10000_1000_t2.5_Seg138_linear_icarus.stats.ox.ac.uk_343235704
47.794  100.0  100.0  5EXP_A_c_n_5EXP_A.flib_10000_1000_t2.5_Seg138_linear_icarus.stats.ox.ac.uk_344217975
47.714  100.0  100.0  5EXP_A_c_n_5EXP_A.flib_10000_1000_t2.5_Seg138_linear_icarus.stats.ox.ac.uk_344325064
47.636  100.0  100.0  5EXP_A_c_n_5EXP_A.flib_10000_1000_t2.5_Seg138_linear_icarus.stats.ox.ac.uk_352540248
48.130  100.0  100.0  5EXP_A_c_n_5EXP_A.flib_10000_1000_t2.5_Seg138_linear_icarus.stats.ox.ac.uk_352623874
48.257  100.0  100.0  5EXP_A_c_n_5EXP_A.flib_10000_1000_t2.5_Seg138_linear_icarus.stats.ox.ac.uk_35309150
48.391  100.0  100.0  5EXP_A_c_n_5EXP_A.flib_10000_1000_t2.5_Seg138_linear_icarus.stats.ox.ac.uk_354320918
46.483  100.0  100.0  5EXP_A_c_n_5EXP_A.flib_10000_1000_t2.5_Seg138_linear_icarus.stats.ox.ac.uk_355424455
46.818  100.0  100.0  5EXP_A_c_n_5EXP_A.flib_10000_1000_t2.5_Seg138_linear_icarus.stats.ox.ac.uk_363311593
46.953  100.0  100.0  5EXP_A_c_n_5EXP_A.flib_10000_1000_t2.5_Seg138_linear_icarus.stats.ox.ac.uk_36371591
47.028  100.0  100.0  5EXP_A_c_n_5EXP_A.flib_10000_1000_t2.5_Seg138_linear_icarus.stats.ox.ac.uk_364824951
46.326  100.0  100.0  5EXP_A_c_n_5EXP_A.flib_10000_1000_t2.5_Seg138_linear_icarus.stats.ox.ac.uk_370920675
48.279  100.0  100.0  5EXP_A_c_n_5EXP_A.flib_10000_1000_t2.5_Seg138_linear_icarus.stats.ox.ac.uk_37113771
48.611  100.0  100.0  5EXP_A_c_n_5EXP_A.flib_10000_1000_t2.5_Seg138_linear_icarus.stats.ox.ac.uk_37379630
47.632  100.0  100.0  5EXP_A_c_n_5EXP_A.flib_10000_1000_t2.5_Seg138_linear_icarus.stats.ox.ac.uk_374630168
47.331  100.0  100.0  5EXP_A_c_n_5EXP_A.flib_10000_1000_t2.5_Seg138_linear_icarus.stats.ox.ac.uk_375333415
48.241  100.0  100.0  5EXP_A_c_n_5EXP_A.flib_10000_1000_t2.5_Seg138_linear_icarus.stats.ox.ac.uk_38004869
48.252  100.0  100.0  5EXP_A_c_n_5EXP_A.flib_10000_1000_t2.5_Seg138_linear_icarus.stats.ox.ac.uk_38175267
47.418  100.0  100.0  5EXP_A_c_n_5EXP_A.flib_10000_1000_t2.5_Seg138_linear_icarus.stats.ox.ac.uk_382943866
48.498  100.0  100.0  5EXP_A_c_n_5EXP_A.flib_10000_1000_t2.5_Seg138_linear_icarus.stats.ox.ac.uk_384213438
47.885  100.0  100.0  5EXP_A_c_n_5EXP_A.flib_10000_1000_t2.5_Seg138_linear_icarus.stats.ox.ac.uk_38461836
48.385  100.0  100.0  5EXP_A_c_n_5EXP_A.flib_10000_1000_t2.5_Seg138_linear_icarus.stats.ox.ac.uk_384635620
48.371  100.0  100.0  5EXP_A_c_n_5EXP_A.flib_10000_1000_t2.5_Seg138_linear_icarus.stats.ox.ac.uk_39037933
47.896  100.0  100.0  5EXP_A_c_n_5EXP_A.flib_10000_1000_t2.5_Seg138_linear_icarus.stats.ox.ac.uk_391628662
48.433  100.0  100.0  5EXP_A_c_n_5EXP_A.flib_10000_1000_t2.5_Seg138_linear_icarus.stats.ox.ac.uk_392024465
47.785  100.0  100.0  5EXP_A_c_n_5EXP_A.flib_10000_1000_t2.5_Seg138_linear_icarus.stats.ox.ac.uk_39379279
48.219  100.0  100.0  5EXP_A_c_n_5EXP_A.flib_10000_1000_t2.5_Seg138_linear_icarus.stats.ox.ac.uk_39415537
47.934  100.0  100.0  5EXP_A_c_n_5EXP_A.flib_10000_1000_t2.5_Seg138_linear_icarus.stats.ox.ac.uk_395612173
47.797  100.0  100.0  5EXP_A_c_n_5EXP_A.flib_10000_1000_t2.5_Seg138_linear_icarus.stats.ox.ac.uk_400218187
42.632   99.4   99.4  5EXP_A_c_n_5EXP_A.flib_10000_1000_t2.5_Seg138_linear_icarus.stats.ox.ac.uk_401727347
46.235  100.0  100.0  5EXP_A_c_n_5EXP_A.flib_10000_1000_t2.5_Seg138_linear_icarus.stats.ox.ac.uk_401938231
47.463  100.0  100.0  5EXP_A_c_n_5EXP_A.flib_10000_1000_t2.5_Seg138_linear_icarus.stats.ox.ac.uk_40469993
47.701  100.0  100.0  5EXP_A_c_n_5EXP_A.flib_10000_1000_t2.5_Seg138_linear_icarus.stats.ox.ac.uk_414621234
47.827  100.0  100.0  5EXP_A_c_n_5EXP_A.flib_10000_1000_t2.5_Seg138_linear_icarus.stats.ox.ac.uk_415241075
44.426  100.0  100.0  5EXP_A_c_n_5EXP_A.flib_10000_1000_t2.5_Seg138_linear_icarus.stats.ox.ac.uk_424918487
47.853  100.0  100.0  5EXP_A_c_n_5EXP_A.flib_10000_1000_t2.5_Seg138_linear_icarus.stats.ox.ac.uk_425135992
47.535  100.0  100.0  5EXP_A_c_n_5EXP_A.flib_10000_1000_t2.5_Seg138_linear_icarus.stats.ox.ac.uk_430033144
47.640  100.0  100.0  5EXP_A_c_n_5EXP_A.flib_10000_1000_t2.5_Seg138_linear_icarus.stats.ox.ac.uk_431623294
47.644  100.0  100.0  5EXP_A_c_n_5EXP_A.flib_10000_1000_t2.5_Seg138_linear_icarus.stats.ox.ac.uk_431819219
48.064  100.0  100.0  5EXP_A_c_n_5EXP_A.flib_10000_1000_t2.5_Seg138_linear_icarus.stats.ox.ac.uk_441814840
46.620  100.0  100.0  5EXP_A_c_n_5EXP_A.flib_10000_1000_t2.5_Seg138_linear_icarus.stats.ox.ac.uk_441915278
47.521  100.0  100.0  5EXP_A_c_n_5EXP_A.flib_10000_1000_t2.5_Seg138_linear_icarus.stats.ox.ac.uk_444723899
47.377  100.0  100.0  5EXP_A_c_n_5EXP_A.flib_10000_1000_t2.5_Seg138_linear_icarus.stats.ox.ac.uk_450041917
45.621  100.0  100.0  5EXP_A_c_n_5EXP_A.flib_10000_1000_t2.5_Seg138_linear_icarus.stats.ox.ac.uk_45116513
48.079  100.0  100.0  5EXP_A_c_n_5EXP_A.flib_10000_1000_t2.5_Seg138_linear_icarus.stats.ox.ac.uk_453214756
48.145  100.0  100.0  5EXP_A_c_n_5EXP_A.flib_10000_1000_t2.5_Seg138_linear_icarus.stats.ox.ac.uk_455922372
46.963  100.0  100.0  5EXP_A_c_n_5EXP_A.flib_10000_1000_t2.5_Seg138_linear_icarus.stats.ox.ac.uk_461026520
47.849  100.0  100.0  5EXP_A_c_n_5EXP_A.flib_10000_1000_t2.5_Seg138_linear_icarus.stats.ox.ac.uk_463135974
47.801  100.0  100.0  5EXP_A_c_n_5EXP_A.flib_10000_1000_t2.5_Seg138_linear_icarus.stats.ox.ac.uk_463341823
47.417  100.0  100.0  5EXP_A_c_n_5EXP_A.flib_10000_1000_t2.5_Seg138_linear_icarus.stats.ox.ac.uk_46352095
47.022  100.0  100.0  5EXP_A_c_n_5EXP_A.flib_10000_1000_t2.5_Seg138_linear_icarus.stats.ox.ac.uk_465044402
47.348  100.0  100.0  5EXP_A_c_n_5EXP_A.flib_10000_1000_t2.5_Seg138_linear_icarus.stats.ox.ac.uk_47057164
48.441  100.0  100.0  5EXP_A_c_n_5EXP_A.flib_10000_1000_t2.5_Seg138_linear_icarus.stats.ox.ac.uk_471337145
47.046  100.0  100.0  5EXP_A_c_n_5EXP_A.flib_10000_1000_t2.5_Seg138_linear_icarus.stats.ox.ac.uk_472327612
48.307  100.0  100.0  5EXP_A_c_n_5EXP_A.flib_10000_1000_t2.5_Seg138_linear_icarus.stats.ox.ac.uk_472837768
48.546  100.0  100.0  5EXP_A_c_n_5EXP_A.flib_10000_1000_t2.5_Seg138_linear_icarus.stats.ox.ac.uk_473537032
46.542  100.0  100.0  5EXP_A_c_n_5EXP_A.flib_10000_1000_t2.5_Seg138_linear_icarus.stats.ox.ac.uk_474815750
47.712  100.0  100.0  5EXP_A_c_n_5EXP_A.flib_10000_1000_t2.5_Seg138_linear_icarus.stats.ox.ac.uk_47482123
46.505  100.0  100.0  5EXP_A_c_n_5EXP_A.flib_10000_1000_t2.5_Seg138_linear_icarus.stats.ox.ac.uk_475519359
48.746  100.0  100.0  5EXP_A_c_n_5EXP_A.flib_10000_1000_t2.5_Seg138_linear_icarus.stats.ox.ac.uk_475612637
48.938  100.0  100.0  5EXP_A_c_n_5EXP_A.flib_10000_1000_t2.5_Seg138_linear_icarus.stats.ox.ac.uk_480318053
47.509  100.0  100.0  5EXP_A_c_n_5EXP_A.flib_10000_1000_t2.5_Seg138_linear_icarus.stats.ox.ac.uk_48083712
47.390  100.0  100.0  5EXP_A_c_n_5EXP_A.flib_10000_1000_t2.5_Seg138_linear_icarus.stats.ox.ac.uk_48402890
46.906  100.0  100.0  5EXP_A_c_n_5EXP_A.flib_10000_1000_t2.5_Seg138_linear_icarus.stats.ox.ac.uk_484424257
48.194  100.0  100.0  5EXP_A_c_n_5EXP_A.flib_10000_1000_t2.5_Seg138_linear_icarus.stats.ox.ac.uk_484930607
48.788  100.0  100.0  5EXP_A_c_n_5EXP_A.flib_10000_1000_t2.5_Seg138_linear_icarus.stats.ox.ac.uk_485812660
47.329  100.0  100.0  5EXP_A_c_n_5EXP_A.flib_10000_1000_t2.5_Seg138_linear_icarus.stats.ox.ac.uk_49273461
46.029   99.4   99.4  5EXP_A_c_n_5EXP_A.flib_10000_1000_t2.5_Seg138_linear_icarus.stats.ox.ac.uk_495330373
48.027  100.0  100.0  5EXP_A_c_n_5EXP_A.flib_10000_1000_t2.5_Seg138_linear_icarus.stats.ox.ac.uk_504430204
48.162  100.0  100.0  5EXP_A_c_n_5EXP_A.flib_10000_1000_t2.5_Seg138_linear_icarus.stats.ox.ac.uk_50473906
48.092  100.0  100.0  5EXP_A_c_n_5EXP_A.flib_10000_1000_t2.5_Seg138_linear_icarus.stats.ox.ac.uk_504822165
48.842  100.0  100.0  5EXP_A_c_n_5EXP_A.flib_10000_1000_t2.5_Seg138_linear_icarus.stats.ox.ac.uk_512114873
47.830  100.0  100.0  5EXP_A_c_n_5EXP_A.flib_10000_1000_t2.5_Seg138_linear_icarus.stats.ox.ac.uk_513330623
46.578  100.0  100.0  5EXP_A_c_n_5EXP_A.flib_10000_1000_t2.5_Seg138_linear_icarus.stats.ox.ac.uk_513626031
48.471  100.0  100.0  5EXP_A_c_n_5EXP_A.flib_10000_1000_t2.5_Seg138_linear_icarus.stats.ox.ac.uk_513712516
46.946  100.0  100.0  5EXP_A_c_n_5EXP_A.flib_10000_1000_t2.5_Seg138_linear_icarus.stats.ox.ac.uk_523244608
48.140  100.0  100.0  5EXP_A_c_n_5EXP_A.flib_10000_1000_t2.5_Seg138_linear_icarus.stats.ox.ac.uk_523428057
46.539  100.0  100.0  5EXP_A_c_n_5EXP_A.flib_10000_1000_t2.5_Seg138_linear_icarus.stats.ox.ac.uk_52357588
46.084   98.2   98.2  5EXP_A_c_n_5EXP_A.flib_10000_1000_t2.5_Seg138_linear_icarus.stats.ox.ac.uk_53166057
47.889  100.0  100.0  5EXP_A_c_n_5EXP_A.flib_10000_1000_t2.5_Seg138_linear_icarus.stats.ox.ac.uk_532110448
47.745  100.0  100.0  5EXP_A_c_n_5EXP_A.flib_10000_1000_t2.5_Seg138_linear_icarus.stats.ox.ac.uk_53217417
47.629  100.0  100.0  5EXP_A_c_n_5EXP_A.flib_10000_1000_t2.5_Seg138_linear_icarus.stats.ox.ac.uk_532837022
47.794  100.0  100.0  5EXP_A_c_n_5EXP_A.flib_10000_1000_t2.5_Seg138_linear_icarus.stats.ox.ac.uk_53598873
47.867  100.0  100.0  5EXP_A_c_n_5EXP_A.flib_10000_1000_t2.5_Seg138_linear_icarus.stats.ox.ac.uk_542732040
46.952  100.0  100.0  5EXP_A_c_n_5EXP_A.flib_10000_1000_t2.5_Seg138_linear_icarus.stats.ox.ac.uk_543521606
47.371  100.0  100.0  5EXP_A_c_n_5EXP_A.flib_10000_1000_t2.5_Seg138_linear_icarus.stats.ox.ac.uk_544016625
47.589  100.0  100.0  5EXP_A_c_n_5EXP_A.flib_10000_1000_t2.5_Seg138_linear_icarus.stats.ox.ac.uk_551038414
47.265  100.0  100.0  5EXP_A_c_n_5EXP_A.flib_10000_1000_t2.5_Seg138_linear_icarus.stats.ox.ac.uk_5510872
48.246  100.0  100.0  5EXP_A_c_n_5EXP_A.flib_10000_1000_t2.5_Seg138_linear_icarus.stats.ox.ac.uk_551234045
48.544  100.0  100.0  5EXP_A_c_n_5EXP_A.flib_10000_1000_t2.5_Seg138_linear_icarus.stats.ox.ac.uk_551428044
47.544  100.0  100.0  5EXP_A_c_n_5EXP_A.flib_10000_1000_t2.5_Seg138_linear_icarus.stats.ox.ac.uk_551442913
47.639  100.0  100.0  5EXP_A_c_n_5EXP_A.flib_10000_1000_t2.5_Seg138_linear_icarus.stats.ox.ac.uk_552739788
46.474  100.0  100.0  5EXP_A_c_n_5EXP_A.flib_10000_1000_t2.5_Seg138_linear_icarus.stats.ox.ac.uk_552744376
44.340  100.0  100.0  5EXP_A_c_n_5EXP_A.flib_10000_1000_t2.5_Seg138_linear_icarus.stats.ox.ac.uk_555129780
48.407  100.0  100.0  5EXP_A_c_n_5EXP_A.flib_10000_1000_t2.5_Seg138_linear_icarus.stats.ox.ac.uk_55593321
45.572  100.0  100.0  5EXP_A_c_n_5EXP_A.flib_10000_1000_t2.5_Seg138_linear_icarus.stats.ox.ac.uk_560619645
47.490  100.0  100.0  5EXP_A_c_n_5EXP_A.flib_10000_1000_t2.5_Seg138_linear_icarus.stats.ox.ac.uk_561129069
48.581  100.0  100.0  5EXP_A_c_n_5EXP_A.flib_10000_1000_t2.5_Seg138_linear_icarus.stats.ox.ac.uk_56347702
47.905  100.0  100.0  5EXP_A_c_n_5EXP_A.flib_10000_1000_t2.5_Seg138_linear_icarus.stats.ox.ac.uk_563610371
47.503  100.0  100.0  5EXP_A_c_n_5EXP_A.flib_10000_1000_t2.5_Seg138_linear_icarus.stats.ox.ac.uk_564644943
48.369  100.0  100.0  5EXP_A_c_n_5EXP_A.flib_10000_1000_t2.5_Seg138_linear_icarus.stats.ox.ac.uk_570921177
42.536   98.2   98.2  5EXP_A_c_n_5EXP_A.flib_10000_1000_t2.5_Seg138_linear_icarus.stats.ox.ac.uk_571437748
48.107  100.0  100.0  5EXP_A_c_n_5EXP_A.flib_10000_1000_t2.5_Seg138_linear_icarus.stats.ox.ac.uk_573615254
48.602  100.0  100.0  5EXP_A_c_n_5EXP_A.flib_10000_1000_t2.5_Seg138_linear_icarus.stats.ox.ac.uk_5859589
